--1.

REP_NUM LAST_NAME       FIRST_NAME      STREET          CITY            STATE POSTAL_CODE COMMISSION                              RATE
------- --------------- --------------- --------------- --------------- ----- ----------- --------------------------------------- ---------------------------------------
15      Campos          Rafael          724 Vinca Dr.   Grove           CA    90092       23457.50                                0.06
30      Gradey          Megan           632 Liatris St. Fullton         CA    90085       41317.00                                0.08
45      Tian            Hui             1785 Tyler Ave. Northfield      CA    90098       27789.25                                0.06
60      Sefton          Janet           267 Oakley St.  Congaree        CA    90097       0.00                                    0.06
65      Banks           David           101 W. 3rd St.  Los Angeles     CA    90001       17775.75                                0.06
70      Winslow         Mellissa        155 Grant Rd.   Mesa            CA    90104       2250.50                                 0.05
75      Lowe            Samuel          9812 Oak Ave.   Fullton         CA    90085       0.00                                    NULL

(7 row(s) affected)

--2.

CUSTOMER_NUM CUSTOMER_NAME                       STREET               CITY            STATE POSTAL_CODE BALANCE                                 CREDIT_LIMIT                            REP_NUM
------------ ----------------------------------- -------------------- --------------- ----- ----------- --------------------------------------- --------------------------------------- -------
126          Toys Galore                         28 Laketon St.       Fullton         CA    90085       1210.25                                 7500.00                                 15
260          Brookings Direct                    452 Columbus Dr.     Grove           CA    90092       575.00                                  10000.00                                30
334          The Everything Shop                 342 Magee St.        Congaree        CA    90097       2345.75                                 7500.00                                 45
386          Johnson's Department Store          124 Main St.         Northfield      CA    90098       879.25                                  7500.00                                 30
440          Grove Historical Museum Store       3456 Central Ave.    Fullton         CA    90085       345.00                                  5000.00                                 45
502          Cards and More                      167 Hale St.         Mesa            CA    90104       5025.75                                 5000.00                                 15
586          Almondton General Store             3345 Devon Ave.      Almondton       CA    90125       3456.75                                 15000.00                                45
665          Cricket Gift Shop                   372 Oxford St.       GROVE           CA    90092       678.90                                  7500.00                                 30
713          Cress Store                         12 Rising Sun Ave.   Congaree        CA    90097       4234.60                                 10000.00                                15
796          Unique Gifts                        786 Passmore St.     Northfield      CA    90098       124.75                                  7500.00                                 45
824          Kline's                             945 Gilham St.       Mesa            CA    90104       2475.99                                 15000.00                                30
893          All Season Gifts                    382 Wildwood Ave.    Fullton         CA    90085       935.75                                  7500.00                                 15
899          Toddler Toys                        20 Mall Rd.          Fullton         CA    90085       1000.00                                 10000.00                                75
900          Classic Toys                        1 Ashville Center    Mesa            CA    90104       0.00                                    7500.00                                 30
901          Moore Gifts                         206 Greenway Pl.     Grove           CA    90092       2265.50                                 NULL                                    70
902          The Toy Store                       5 Vine Center        Northfield      CA    90098       0.00                                    NULL                                    45
903          Little People Gifts                 18898 South St.      Los Angeles     CA    90001       5975.25                                 15000.00                                65

(17 row(s) affected)

--3.

ORDER_NUM ORDER_DATE CUSTOMER_NUM
--------- ---------- ------------
51608     2015-10-12 126
51610     2015-10-12 334
51613     2015-10-13 386
51614     2015-10-13 260
51617     2015-10-15 586
51619     2015-10-15 126
51623     2015-10-15 586
51625     2015-10-16 796
51626     2015-10-16 900
51627     2015-10-17 440
51628     2015-10-17 903
51629     2015-10-17 260
51630     2015-10-18 665
51631     2015-10-18 713
51632     2015-10-19 902
51633     2015-10-19 126
51634     2015-10-19 901
51635     2015-10-19 502
51636     2015-10-20 899
51637     2015-10-20 334

(20 row(s) affected)

--4.

ITEM_NUM DESCRIPTION                    ON_HAND     CATEGORY STOREHOUSE PRICE
-------- ------------------------------ ----------- -------- ---------- ---------------------------------------
AH74     Patience                       9           GME      3          22.99
AQ22     Race Car                       24          TOY      2          79.79
BR23     Skittles                       21          GME      2          29.99
CD33     Wood Block Set (48 piece)      36          TOY      1          89.49
DL51     Classic Railway Set            12          TOY      3          107.95
DR67     Giant Star Brain Teaser        24          PZL      2          31.95
DW23     Mancala                        40          GME      3          50.00
EL33     Army Tank                      10          TOY      3          125.25
FD11     Rocking Horse                  8           TOY      3          124.95
FH24     Puzzle Gift Set                65          PZL      1          38.95
KA12     Cribbage Set                   56          GME      3          75.00
KD34     Pentominoes Brain Teaser       60          PZL      2          14.95
KL78     Pick Up Sticks                 110         GME      1          10.95
MT03     Zauberkasten Brain Teaser      45          PZL      1          45.79
MV99     Lincoln Log Set                16          GME      1          25.25
NL89     Wood Block Set (62 piece)      32          TOY      3          119.75
TR40     Tic Tac Toe                    75          GME      2          13.99
TW35     Fire Engine                    30          TOY      2          118.95
WD16     Stack’em Tower                 36          PZL      3          49.95
ZZ77     Pin The Tail                   48          GME      2          19.99

(20 row(s) affected)

--5.

ORDER_NUM ITEM_NUM NUM_ORDERED QUOTED_PRICE
--------- -------- ----------- ---------------------------------------
51608     CD33     5           86.99
51610     KL78     25          10.95
51610     TR40     10          13.99
51613     DL51     5           104.95
51614     FD11     1           124.95
51617     NL89     4           115.99
51617     TW35     3           116.95
51619     FD11     2           121.95
51623     DR67     5           29.95
51623     FH24     12          36.95
51623     KD34     10          13.10
51625     MT03     8           45.79
51626     WD16     1           45.95
51626     ZZ77     2           17.99
51627     AQ22     2           74.79
51628     EL33     1           120.25
51628     MV99     1           20.25
51628     WD16     1           44.95
51628     ZZ77     1           14.99
51629     AQ22     2           75.99
51630     EL33     1           125.25
51631     MV99     2           21.25
51631     ZZ77     2           15.99
51632     WD16     1           49.95
51633     CD33     1           83.49
51633     KD34     1           12.95
51633     TR40     2           10.99
51634     AH74     1           22.99
51635     KL78     3           8.95
51635     TR40     3           10.99
51636     NL89     NULL        110.74
51637     DR67     NULL        30.95
51637     EL33     NULL        121.25

(33 row(s) affected)

--6.

GUIDE_NUM LAST_NAME       FIRST_NAME      ADDRESS                   CITY                      STATE POSTAL_CODE PHONE_NUM    HIRE_DATE
--------- --------------- --------------- ------------------------- ------------------------- ----- ----------- ------------ ----------
AA01      Antione         Albert          777 Pine St.              Bedford                   CT    01730       781-555-3212 2015-09-01
AM01      Abrams          Miles           54 Quest Ave.             Williamsburg              MA    01096       617-555-6032 2012-06-03
AM02      Adams           Michael         1001 Evergreen Pl.        Barre                     VT    05641       NULL         2015-05-12
BR01      Boyers          Rita            140 Oakton Rd.            Jaffrey                   NH    03452       603-555-2134 2012-03-04
DH01      Devon           Harley          25 Old Ranch Rd.          Sunderland                MA    01375       781-555-7767 2012-01-08
GZ01      Gregory         Zach            7 Moose Head Rd.          Dummer                    NH    03588       603-555-8765 2012-11-04
HD01      Hastings        David           3322 West 3rd St.         Burlington                VT    05401       802-555-6814 2015-03-09
JG01      Jarrell         Gladys          100 Pine Ave.             Bristol                   CT    06010       860-555-9821 2015-02-24
JT01      Jones           Thomas          6336 Forrest Dr.          Alford                    ME    01230       413-555-3377 2015-03-09
KS01      Kiley           Susan           943 Oakton Rd.            Jaffrey                   NH    03452       603-555-1230 2013-04-08
KS02      Kelly           Sam             9 Congaree Ave.           Fraconia                  NH    03580       603-555-0003 2013-06-10
LT01      Lomack          Teresa          512 Tower Dr.             Holland                   ME    01521       413-555-5108 2015-06-14
MG01      Martin          George          12 The Circle             Newport                   VT    05855       802-555-6347 2015-02-20
MR01      Marston         Ray             24 Shenandoah Rd.         Springfield               MA    01101       781-555-2323 2015-09-14
MR02      Martin          Ralph           617 Broadway Ave.         West Haven                CT    06516       203-555-6319 2015-04-30
RH01      Rowan           Hal             12 Heather Rd.            Mount Desert              ME    04660       207-555-9009 2014-06-02
RH02      Russell         Howard          6719 Brickyard Rd.        Shelton                   CT    06484       203-555-0799 2015-07-30
SL01      Stevens         Lori            15 Riverton Rd.           Coventry                  VT    05825       802-555-3339 2014-09-05
SL02      Smith           Linda           1221 Main St.             Portland                  MA    01311       207-555-1770 2015-04-12
UG01      Unser           Glory           342 Pineview St.          Danbury                   CT    06810       203-555-8534 2015-02-02

(20 row(s) affected)

--7.

CUSTOMER_NUM LAST_NAME                      FIRST_NAME                     ADDRESS                             CITY                                STATE POSTAL_CODE PHONE_NUM
------------ ------------------------------ ------------------------------ ----------------------------------- ----------------------------------- ----- ----------- ------------
101          Northfold                      Liam                           9 Old Mill Rd.                      Londonderry                         NH    03053       603-555-7563
102          Ocean                          Arnold                         2332 South St. Apt 3                Springfield                         MA    01101       413-555-3212
103          Kasuma                         Sujata                         132 Main St. #1                     East Hartford                       CT    06108       860-555-0703
104          Goff                           Ryan                           164A South Bend Rd.                 Lowell                              MA    01854       781-555-8423
105          McLean                         Kyle                           345 Lower Ave.                      Wolcott                             NY    14590       585-555-5321
106          Morontoia                      Joseph                         156 Scholar St.                     Johnston                            RI    02919       401-555-4848
107          Marchand                       Quinn                          76 Cross Rd.                        Bath                                NH    03740       603-555-0456
108          Rulf                           Uschi                          32 Sheep Stop St.                   Edinboro                            PA    16412       814-555-5521
109          Caron                          Jean Luc                       10 Greenfield St.                   Rome                                ME    04963       207-555-9643
110          Bers                           Martha                         65 Granite St.                      York                                NY    14592       585-555-0111
112          Jones                          Laura                          373 Highland Ave.                   Somerville                          MA    02143       857-555-6258
115          Vaccari                        Adam                           1282 Ocean Walk                     Ocean CITY                          NJ    08226       609-555-5231
116          Murakami                       Iris                           7 Cherry Blossom St.                Weymouth                            MA    02188       617-555-6665
119          Chau                           Clement                        18 Ark Ledge Ln.                    Londonderry                         VT    05148       802-555-3096
120          Gernowski                      Sadie                          24 Stump Rd.                        Athens                              ME    04912       207-555-4507
121          Bretton-Borak                  Siam                           10 Old Main St.                     Cambridge                           VT    05444       802-555-3443
122          Hefferson                      Orlagh                         132 South St. Apt 7                 Manchester                          NH    03101       603-555-3476
123          Barnett                        Larry                          25 Stag Rd.                         Fairfield                           CT    06824       860-555-9876
124          Busa                           Karen                          12 Foster St.                       South Windsor                       CT    06074       857-555-5532
125          Peterson                       Becca                          51 Fredrick St.                     Albion                              NY    14411       585-555-0900
126          Brown                          Brianne                        154 Central St.                     Vernon                              CT    06066       860-555-3234
127          Wells                          James                          35187 Luther Towers                 York                                PA    17401       717-555-0017
128          Cannon                         Alicia                         77 Branch Ave.                      Albany                              NY    12201       518-555-3276
129          Miner                          Gerald                         1221 Silver Goose Rd.               Cambridge                           MD    21613       410-555-8126
130          Ashford                        Kimberly                       6799 Greenbrier Dev.                Newark                              DE    19871       302-555-5612
131          Yang                           Y.E.                           90022 Highland Park Dr.             Athens                              ME    04912       NULL        

(26 row(s) affected)

--8.

RESERVATION_ID TRIP_ID     TRIP_DATE  NUM_PERSONS TRIP_PRICE                              OTHER_FEES                              CUSTOMER_NUM
-------------- ----------- ---------- ----------- --------------------------------------- --------------------------------------- ------------
1600001        40          2016-03-26 2           55.00                                   0.00                                    101 
1600002        21          2016-06-08 2           95.00                                   0.00                                    101 
1600003        28          2016-09-12 1           35.00                                   0.00                                    103 
1600004        26          2016-10-16 4           45.00                                   15.00                                   104 
1600005        39          2016-06-25 5           55.00                                   0.00                                    105 
1600006        32          2016-06-18 1           80.00                                   20.00                                   106 
1600007        22          2016-07-09 8           75.00                                   10.00                                   107 
1600008        28          2016-09-12 2           35.00                                   0.00                                    108 
1600009        38          2016-09-11 2           90.00                                   40.00                                   109 
1600010        2           2016-05-14 3           25.00                                   0.00                                    102 
1600011        3           2016-09-15 3           25.00                                   0.00                                    102 
1600012        1           2016-06-12 4           15.00                                   0.00                                    115 
1600013        8           2016-07-09 1           20.00                                   5.00                                    116 
1600014        12          2016-10-01 2           40.00                                   5.00                                    119 
1600015        10          2016-07-23 1           20.00                                   0.00                                    120 
1600016        11          2016-07-23 6           75.00                                   15.00                                   121 
1600017        39          2016-06-18 3           20.00                                   5.00                                    122 
1600018        38          2016-09-18 4           85.00                                   15.00                                   126 
1600019        25          2016-08-29 2           110.00                                  25.00                                   124 
1600020        28          2016-08-27 2           35.00                                   10.00                                   124 
1600021        32          2016-06-11 3           90.00                                   20.00                                   112 
1600022        21          2016-06-08 1           95.00                                   25.00                                   119 
1600024        38          2016-09-11 1           70.00                                   30.00                                   121 
1600025        38          2016-09-11 2           70.00                                   45.00                                   125 
1600026        12          2016-10-01 2           40.00                                   0.00                                    126 
1600029        4           2016-09-19 4           105.00                                  25.00                                   120 
1600030        15          2016-07-25 6           60.00                                   15.00                                   104 
1600031        5           2016-05-02 3           60.00                                   20.00                                   130 
1600032        42          2016-08-11 NULL        60.00                                   25.00                                   128 
1600033        9           2016-07-10 NULL        45.00                                   0.00                                    101 
1600034        43          2016-10-04 2           70.00                                   15.00                                   131 
1600035        19          2016-04-29 2           50.00                                   5.00                                    129 
1600036        46          2016-06-25 NULL        30.00                                   0.00                                    115 
1600037        31          2016-07-22 4           86.00                                   35.00                                   127 

(34 row(s) affected)

--9.

TRIP_ID     TRIP_NAME                                                                   START_LOCATION                                     STATE DISTANCE    MAX_GRP_SIZE TYPE                 SEASON
----------- --------------------------------------------------------------------------- -------------------------------------------------- ----- ----------- ------------ -------------------- --------------------
1           Arethusa Falls                                                              Harts Location                                     NH    5           10           Hiking               Summer              
2           Mt Ascutney - North Peak                                                    Weathersfield                                      VT    5           6            Hiking               Late Spring         
3           Mt Ascutney - West Peak                                                     Weathersfield                                      VT    6           10           Hiking               Early Fall          
4           Bradbury Mountain Ride                                                      Lewiston-Auburn                                    ME    25          8            Biking               Early Fall          
5           Baldpate Mountain                                                           North Newry                                        ME    6           10           Hiking               Late Spring         
6           Blueberry Mountain                                                          Batchelders Grant                                  ME    8           8            Hiking               Early Fall          
7           Bloomfield - Maidstone                                                      Bloomfield                                         CT    10          6            Paddling             Late Spring         
8           Black Pond                                                                  Lincoln                                            NH    8           12           Hiking               Summer              
9           Big Rock Cave                                                               Tamworth                                           NH    6           10           Hiking               Summer              
10          Mt. Cardigan - Firescrew                                                    Orange                                             NH    7           8            Hiking               Summer              
11          Chocorua Lake Tour                                                          Tamworth                                           NH    12          15           Paddling             Summer              
12          Cadillac Mountain RIDE                                                      Bar Harbor                                         ME    8           16           Biking               Early Fall          
13          Cadillac Mountain                                                           Bar Harbor                                         ME    7           8            Hiking               Late Spring         
14          Cannon Mtn                                                                  Franconia                                          NH    6           6            Hiking               Early Fall          
15          Crawford Path Presidentials Hike                                            Crawford Notch                                     NH    16          4            Hiking               Summer              
16          Cherry Pond                                                                 Whitefield                                         NH    6           16           Hiking               Spring              
17          Huguenot Head Hike                                                          Bar Harbor                                         ME    5           10           Hiking               Early Fall          
18          Low Bald Spot Hike                                                          Pinkam Notch                                       NH    8           6            Hiking               Early Fall          
19          Mason's Farm                                                                North Stratford                                    CT    12          7            Paddling             Late Spring         
20          Lake Mephremagog Tour                                                       Newport                                            VT    8           15           Paddling             Late Spring         
21          Long Pond                                                                   Rutland                                            MA    8           12           Hiking               Summer              
22          Long Pond Tour                                                              Greenville                                         ME    12          10           Paddling             Summer              
23          Lower Pond Tour                                                             Poland                                             ME    8           15           Paddling             Late Spring         
24          Mt Adams                                                                    Randolph                                           NH    9           6            Hiking               Summer              
25          Mount Battie ride                                                           Camden                                             ME    20          8            Biking               Early Fall          
26          Mount Cardigan Hike                                                         Cardigan                                           NH    4           16           Hiking               Late Fall           
27          Mt. Chocorua                                                                Albany                                             NH    6           10           Hiking               Spring              
28          Mount Garfield Hike                                                         Woodstock                                          NH    5           10           Hiking               Early Fall          
29          Metacomet-Monadnock Trail Hike                                              Pelham                                             MA    10          12           Hiking               Late Spring         
30          McLennan Reservation Hike                                                   Tyringham                                          MA    6           16           Hiking               Summer              
31          Missisquoi River - VT                                                       Lowell                                             VT    12          10           Paddling             Summer              
32          Northern Forest Canoe Trail                                                 Stark                                              NH    15          10           Paddling             Summer              
33          Park Loop Ride                                                              Mount Desert Island                                ME    27          8            Biking               Late Spring         
34          Pontook Reservoir Tour                                                      Dummer                                             NH    15          14           Paddling             Late Spring         
35          Pisgah STATE Park RIDE                                                      Northborough                                       NH    12          10           Biking               Summer              
36          Pondicherry Trail Ride                                                      White Mountains                                    NH    15          16           Biking               Late Spring         
37          Seal Beach Harbor                                                           Bar Harbor                                         ME    5           16           Hiking               Early Spring        
38          Sawyer River Ride                                                           Mount Carrigain                                    NH    10          18           Biking               Early Fall          
39          Welch and Dickey Mountains Hike                                             Thorton                                            NH    5           10           Hiking               Summer              
40          Wachusett Mountain                                                          Princeton                                          MA    8           8            Hiking               Early Spring        
41          Westfield River Loop                                                        Fort Fairfield                                     ME    20          10           Biking               Late Spring         
42          Mirror Lake Tour                                                            Tamworth                                           NH    16          12           Paddling             Summer              
43          Big Sky Mountain                                                            North Newry                                        ME    10          6            Hiking               Early Fall          
44          Blackbird Forrest                                                           Weathersfield                                      VT    22          15           Biking               Early Fall          
45          Twin Falls                                                                  Bloomsfield                                        CT    14          8            Hiking               Late Spring         
46          Overbridge River                                                            Newport                                            VT    20          4            Paddling             Summer              

(46 row(s) affected)

--10.

TRIP_ID     GUIDE_NUM
----------- ---------
1           GZ01
1           RH01
2           AM01
2           SL01
3           SL01
4           BR01
4           GZ01
5           KS01
5           UG01
6           RH01
7           SL01
8           BR01
9           BR01
10          GZ01
11          DH01
11          KS01
11          UG01
12          BR01
13          RH01
14          KS02
15          GZ01
16          KS02
17          RH01
18          KS02
19          DH01
20          SL01
21          AM01
22          UG01
23          DH01
23          SL01
24          BR01
25          BR01
26          GZ01
27          GZ01
28          BR01
29          DH01
30          AM01
31          SL01
32          KS01
33          UG01
34          KS01
35          GZ01
36          KS02
37          RH01
38          KS02
39          BR01
40          DH01
41          BR01
42          JG01
43          SL02
44          AA01
45          AM02
46          LT01

(53 row(s) affected)

